<?xml version='1.0' encoding='UTF-8'?>
<testsuite hostname="C02QR1Q9G8WM.group.on" name="recfun.BalanceSuite" tests="12" errors="0" failures="0" time="0.018">
                     <properties>
[...]
</properties>
                     <testcase classname="recfun.BalanceSuite" name="balance: '(if (zero? x) max (/ 1 x))' is balanced" time="0.013">
                                                 
                                               </testcase><testcase classname="recfun.BalanceSuite" name="' is balanced" time="0.0">
                                                 
                                               </testcase><testcase classname="recfun.BalanceSuite" name="balance: ':-)' is unbalanced" time="0.002">
                                                 
                                               </testcase><testcase classname="recfun.BalanceSuite" name="balance: counting is not enough" time="0.001">
                                                 
                                               </testcase><testcase classname="recfun.BalanceSuite" name="simple balance: ()" time="0.0">
                                                 
                                               </testcase><testcase classname="recfun.BalanceSuite" name="too many open: (()" time="0.001">
                                                 
                                               </testcase><testcase classname="recfun.BalanceSuite" name="too many closed: ())" time="0.0">
                                                 
                                               </testcase><testcase classname="recfun.BalanceSuite" name="single open: (" time="0.0">
                                                 
                                               </testcase><testcase classname="recfun.BalanceSuite" name="single closed: )" time="0.0">
                                                 
                                               </testcase><testcase classname="recfun.BalanceSuite" name="wrapped: ((blah) + (blah))" time="0.0">
                                                 
                                               </testcase><testcase classname="recfun.BalanceSuite" name="empty: []" time="0.001">
                                                 
                                               </testcase><testcase classname="recfun.BalanceSuite" name="random characters: 123456abc" time="0.0">
                                                 
                                               </testcase>
                     <system-out></system-out>
                     <system-err></system-err>
                   </testsuite>